C251 COMPILER V5.60.0,  bsp_i2c                                                            03/07/23  06:55:18  PAGE 1   


C251 COMPILER V5.60.0, COMPILATION OF MODULE bsp_i2c
OBJECT MODULE PLACED IN .\Objects\bsp_i2c.obj
COMPILER INVOKED BY: D:\Keil_v5\C251\BIN\C251.EXE Bsp\bsp_i2c.c LARGE INTR2 BROWSE INCDIR(.\Application;.\Bsp;.\Componen
                    -ets;.\Lib;.\Devices) DEBUG PRINT(.\Listings\bsp_i2c.lst) TABS(2) OBJECT(.\Objects\bsp_i2c.obj) 

stmt  level    source

    1          #include  "bsp_i2c.h"
    2          #include  "STC32G_NVIC.h"
    3          #include  "STC32G_Switch.h"
    4          #define DIS_DOT     0x20
    5          #define DIS_BLACK   0x10
    6          #define DIS_        0x11
    7          
    8          
    9          
   10          void I2C_config(void)
   11          {
   12   1        I2C_InitTypeDef   I2C_InitStructure;
   13   1        I2C_InitStructure.I2C_Mode      = I2C_Mode_Master;    //主从选择   I2C_Mode_Master, I2C_Mode_Slave
   14   1        I2C_InitStructure.I2C_Enable    = ENABLE;
   15   1        I2C_InitStructure.I2C_MS_WDTA   = DISABLE;
   16   1        I2C_InitStructure.I2C_Speed     = 63;
   17   1        I2C_Init(&I2C_InitStructure);
   18   1        NVIC_I2C_Init(I2C_Mode_Master,DISABLE,Priority_0);  //主从模式, I2C_Mode_Master, I2C_Mode_Slave; 中断使能
             -, I2C_ESTAI/I2C_ERXI/I2C_ETXI/I2C_ESTOI/DISABLE; 优先级(低到高) Priority_0,Priority_1,Priority_2,Priority_3
   19   1        I2C_SW(I2C_P33_P32);          //I2C_P14_P15,I2C_P24_P25,I2C_P76_P77,I2C_P33_P32
   20   1      }
   21          
   22          


Module Information          Static   Overlayable
------------------------------------------------
  code size            =        50     ------
  ecode size           =    ------     ------
  data size            =    ------     ------
  idata size           =    ------     ------
  pdata size           =    ------     ------
  xdata size           =    ------          6
  xdata-const size     =    ------     ------
  edata size           =    ------     ------
  bit size             =    ------     ------
  ebit size            =    ------     ------
  bitaddressable size  =    ------     ------
  ebitaddressable size =    ------     ------
  far data size        =    ------     ------
  huge data size       =    ------     ------
  const size           =    ------     ------
  hconst size          =    ------     ------
End of Module Information.


C251 COMPILATION COMPLETE.  0 WARNING(S),  0 ERROR(S)
