C251 COMPILER V5.60.0,  bsp_gpio                                                           01/07/23  18:31:45  PAGE 1   


C251 COMPILER V5.60.0, COMPILATION OF MODULE bsp_gpio
OBJECT MODULE PLACED IN .\Objects\bsp_gpio.obj
COMPILER INVOKED BY: D:\Keil_v5\C251\BIN\C251.EXE Bsp\bsp_gpio.c LARGE INTR2 BROWSE INCDIR(.\Application;.\Bsp;.\Compone
                    -nets;.\Lib;.\Devices) DEBUG PRINT(.\Listings\bsp_gpio.lst) TABS(2) OBJECT(.\Objects\bsp_gpio.obj) 

stmt  level    source

    1          #include "bsp_gpio.h"
    2          
    3          
    4          void GPIO_config(void)
    5          {
    6   1        GPIO_InitTypeDef  GPIO_InitStructure;       //½á¹¹¶¨Òå
    7   1      
    8   1        GPIO_InitStructure.Pin  = GPIO_Pin_HIGH | GPIO_Pin_3;     //Ö¸¶¨Òª³õÊ¼»¯µÄIO, GPIO_Pin_0 ~ GPIO_Pin_7, »ò²
             -Ù×÷
    9   1        GPIO_InitStructure.Mode = GPIO_PullUp;      //Ö¸¶¨IOµÄÊäÈë»òÊä³ö·½Ê½,GPIO_PullUp,GPIO_HighZ,GPIO_OUT_OD,GPI
             -O_OUT_PP
   10   1        GPIO_Inilize(GPIO_P6,&GPIO_InitStructure);  //³õÊ¼»¯
   11   1      
   12   1      //UART1
   13   1        GPIO_InitStructure.Pin  = GPIO_Pin_0 | GPIO_Pin_1 | GPIO_Pin_2 | GPIO_Pin_3;    //Ö¸¶¨Òª³õÊ¼»¯µÄIO, GPIO_P
             -in_0 ~ GPIO_Pin_7
   14   1        GPIO_InitStructure.Mode = GPIO_PullUp;  //Ö¸¶¨IOµÄÊäÈë»òÊä³ö·½Ê½,GPIO_PullUp,GPIO_HighZ,GPIO_OUT_OD,GPIO_
             -OUT_PP
   15   1        GPIO_Inilize(GPIO_P3,&GPIO_InitStructure);  //³õÊ¼»¯
   16   1        
   17   1      //UART2 P4_6:RX P4_7:TX
   18   1        GPIO_InitStructure.Pin  = GPIO_Pin_6 | GPIO_Pin_7;    //Ö¸¶¨Òª³õÊ¼»¯µÄIO, GPIO_Pin_0 ~ GPIO_Pin_7
   19   1        GPIO_InitStructure.Mode = GPIO_PullUp;  //Ö¸¶¨IOµÄÊäÈë»òÊä³ö·½Ê½,GPIO_PullUp,GPIO_HighZ,GPIO_OUT_OD,GPIO_
             -OUT_PP
   20   1        GPIO_Inilize(GPIO_P4,&GPIO_InitStructure);  //³õÊ¼»¯
   21   1        
   22   1        
   23   1      //UART3
   24   1        GPIO_InitStructure.Pin  = GPIO_Pin_0 | GPIO_Pin_1;    //Ö¸¶¨Òª³õÊ¼»¯µÄIO, GPIO_Pin_0 ~ GPIO_Pin_7
   25   1        GPIO_InitStructure.Mode = GPIO_PullUp;  //Ö¸¶¨IOµÄÊäÈë»òÊä³ö·½Ê½,GPIO_PullUp,GPIO_HighZ,GPIO_OUT_OD,GPIO_
             -OUT_PP
   26   1        GPIO_Inilize(GPIO_P0,&GPIO_InitStructure);  //³õÊ¼»¯  
   27   1        
   28   1        
   29   1        
   30   1        
   31   1      }


Module Information          Static   Overlayable
------------------------------------------------
  code size            =        94     ------
  ecode size           =    ------     ------
  data size            =    ------     ------
  idata size           =    ------     ------
  pdata size           =    ------     ------
  xdata size           =    ------          2
  xdata-const size     =    ------     ------
  edata size           =    ------     ------
  bit size             =    ------     ------
  ebit size            =    ------     ------
  bitaddressable size  =    ------     ------
  ebitaddressable size =    ------     ------
  far data size        =    ------     ------
  huge data size       =    ------     ------
  const size           =    ------     ------
  hconst size          =    ------     ------
End of Module Information.


C251 COMPILATION COMPLETE.  0 WARNING(S),  0 ERROR(S)
