C251 COMPILER V5.60.0,  bsp_delay                                                          03/07/23  06:55:18  PAGE 1   


C251 COMPILER V5.60.0, COMPILATION OF MODULE bsp_delay
OBJECT MODULE PLACED IN .\Objects\bsp_delay.obj
COMPILER INVOKED BY: D:\Keil_v5\C251\BIN\C251.EXE Bsp\bsp_delay.c LARGE INTR2 BROWSE INCDIR(.\Application;.\Bsp;.\Compon
                    -enets;.\Lib;.\Devices) DEBUG PRINT(.\Listings\bsp_delay.lst) TABS(2) OBJECT(.\Objects\bsp_delay.obj) 

stmt  level    source

    1          #include "bsp_delay.h"


Module Information          Static   Overlayable
------------------------------------------------
  code size            =    ------     ------
  ecode size           =    ------     ------
  data size            =    ------     ------
  idata size           =    ------     ------
  pdata size           =    ------     ------
  xdata size           =    ------     ------
  xdata-const size     =    ------     ------
  edata size           =    ------     ------
  bit size             =    ------     ------
  ebit size            =    ------     ------
  bitaddressable size  =    ------     ------
  ebitaddressable size =    ------     ------
  far data size        =    ------     ------
  huge data size       =    ------     ------
  const size           =    ------     ------
  hconst size          =    ------     ------
End of Module Information.


C251 COMPILATION COMPLETE.  0 WARNING(S),  0 ERROR(S)
