C251 COMPILER V5.60.0,  STC32G_Timer                                                       28/06/23  22:56:29  PAGE 1   


C251 COMPILER V5.60.0, COMPILATION OF MODULE STC32G_Timer
OBJECT MODULE PLACED IN .\Objects\STC32G_Timer.obj
COMPILER INVOKED BY: D:\Keil_v5\C251\BIN\C251.EXE Lib\STC32G_Timer.c LARGE INTR2 BROWSE INCDIR(.\Application;.\Bsp;.\Com
                    -ponenets;.\Lib) DEBUG PRINT(.\Listings\STC32G_Timer.lst) TABS(2) OBJECT(.\Objects\STC32G_Timer.obj) 

stmt  level    source

    1          /*---------------------------------------------------------------------*/
    2          /* --- STC MCU Limited ------------------------------------------------*/
    3          /* --- STC 1T Series MCU Demo Programme -------------------------------*/
    4          /* --- Mobile: (86)13922805190 ----------------------------------------*/
    5          /* --- Fax: 86-0513-55012956,55012947,55012969 ------------------------*/
    6          /* --- Tel: 86-0513-55012928,55012929,55012966 ------------------------*/
    7          /* --- Web: www.STCAI.com ---------------------------------------------*/
    8          /* --- Web: www.STCMCUDATA.com  ---------------------------------------*/
    9          /* --- BBS: www.STCAIMCU.com  -----------------------------------------*/
   10          /* --- QQ:  800003751 -------------------------------------------------*/
   11          /* 如果要在程序中使用此代码,请在程序中注明使用了STC的资料及程序            */
   12          /*---------------------------------------------------------------------*/
   13          
   14          #include  "STC32G_Timer.h"
   15          
   16          //========================================================================
   17          // 函数: u8 Timer_Inilize(u8 TIM, TIM_InitTypeDef *TIMx)
   18          // 描述: 定时器初始化程序.
   19          // 参数: TIMx: 结构参数,请参考timer.h里的定义.
   20          // 返回: 成功返回 SUCCESS, 错误返回 FAIL.
   21          // 版本: V1.0, 2012-10-22
   22          //========================================================================
   23          u8  Timer_Inilize(u8 TIM, TIM_InitTypeDef *TIMx)
   24          {
   25   1        if(TIM == Timer0)
   26   1        {
   27   2          Timer0_Stop();    //停止计数
   28   2          if(TIMx->TIM_Mode >= TIM_16BitAutoReloadNoMask) return FAIL;  //错误
   29   2          TMOD = (TMOD & ~0x03) | TIMx->TIM_Mode; //工作模式,0: 16位自动重装, 1: 16位定时/计数, 2: 8位自动重装, 3
             -: 不可屏蔽16位自动重装
   30   2          if(TIMx->TIM_ClkSource >  TIM_CLOCK_Ext)  return FAIL;
   31   2          Timer0_CLK_Select(TIMx->TIM_ClkSource); //对外计数或分频, 定时12T/1T
   32   2          Timer0_CLK_Output(TIMx->TIM_ClkOut);    //输出时钟使能
   33   2          T0_Load(TIMx->TIM_Value);
   34   2          Timer0_Run(TIMx->TIM_Run);
   35   2          return  SUCCESS;    //成功
   36   2        }
   37   1      
   38   1        if(TIM == Timer1)
   39   1        {
   40   2          Timer1_Stop();    //停止计数
   41   2          if(TIMx->TIM_Mode >= TIM_16BitAutoReloadNoMask) return FAIL;  //错误
   42   2          TMOD = (TMOD & ~0x30) | (TIMx->TIM_Mode << 4);  //工作模式,0: 16位自动重装, 1: 16位定时/计数, 2: 8位自动
             -重装, 3: 停止工作
   43   2          if(TIMx->TIM_ClkSource >  TIM_CLOCK_Ext)  return FAIL;
   44   2          Timer1_CLK_Select(TIMx->TIM_ClkSource); //对外计数或分频, 定时12T/1T
   45   2          Timer1_CLK_Output(TIMx->TIM_ClkOut);    //输出时钟使能
   46   2          T1_Load(TIMx->TIM_Value);
   47   2          Timer1_Run(TIMx->TIM_Run);
   48   2          return  SUCCESS;    //成功
   49   2        }
   50   1      
   51   1        if(TIM == Timer2)   //Timer2,固定为16位自动重装, 中断无优先级
   52   1        {
   53   2          Timer2_Stop();  //停止计数
   54   2          Timer2_CLK_Select(TIMx->TIM_ClkSource); //对外计数或分频, 定时12T/1T
   55   2          Timer2_CLK_Output(TIMx->TIM_ClkOut);    //输出时钟使能
   56   2      
C251 COMPILER V5.60.0,  STC32G_Timer                                                       28/06/23  22:56:29  PAGE 2   

   57   2          T2_Load(TIMx->TIM_Value);
   58   2          Timer2_Run(TIMx->TIM_Run);
   59   2          return  SUCCESS;    //成功
   60   2        }
   61   1      
   62   1        if(TIM == Timer3)   //Timer3,固定为16位自动重装, 中断无优先级
   63   1        {
   64   2          Timer3_Stop();  //停止计数
   65   2          if(TIMx->TIM_ClkSource >  TIM_CLOCK_Ext)  return FAIL;
   66   2          Timer3_CLK_Select(TIMx->TIM_ClkSource); //对外计数或分频, 定时12T/1T
   67   2          Timer3_CLK_Output(TIMx->TIM_ClkOut);    //输出时钟使能
   68   2      
   69   2          T3_Load(TIMx->TIM_Value);
   70   2          Timer3_Run(TIMx->TIM_Run);
   71   2          return  SUCCESS;    //成功
   72   2        }
   73   1      
   74   1        if(TIM == Timer4)   //Timer3,固定为16位自动重装, 中断无优先级
   75   1        {
   76   2          Timer4_Stop();  //停止计数
   77   2          if(TIMx->TIM_ClkSource >  TIM_CLOCK_Ext)  return FAIL;
   78   2          Timer4_CLK_Select(TIMx->TIM_ClkSource); //对外计数或分频, 定时12T/1T
   79   2          Timer4_CLK_Output(TIMx->TIM_ClkOut);    //输出时钟使能
   80   2      
   81   2          T4_Load(TIMx->TIM_Value);
   82   2          Timer4_Run(TIMx->TIM_Run);
   83   2          return  SUCCESS;    //成功
   84   2        }
   85   1        return FAIL;  //错误
   86   1      }


Module Information          Static   Overlayable
------------------------------------------------
  code size            =       460     ------
  ecode size           =    ------     ------
  data size            =    ------     ------
  idata size           =    ------     ------
  pdata size           =    ------     ------
  xdata size           =    ------     ------
  xdata-const size     =    ------     ------
  edata size           =    ------     ------
  bit size             =    ------     ------
  ebit size            =    ------     ------
  bitaddressable size  =    ------     ------
  ebitaddressable size =    ------     ------
  far data size        =    ------     ------
  huge data size       =    ------     ------
  const size           =    ------     ------
  hconst size          =    ------     ------
End of Module Information.


C251 COMPILATION COMPLETE.  0 WARNING(S),  0 ERROR(S)
