C251 COMPILER V5.60.0,  STC32G_PWM_Isr                                                     28/06/23  10:28:39  PAGE 1   


C251 COMPILER V5.60.0, COMPILATION OF MODULE STC32G_PWM_Isr
OBJECT MODULE PLACED IN .\Objects\STC32G_PWM_Isr.obj
COMPILER INVOKED BY: D:\Keil_v5\C251\BIN\C251.EXE Lib\STC32G_PWM_Isr.c LARGE INTR2 BROWSE INCDIR(.\Application;.\Bsp;.\C
                    -omponenets;.\Lib) DEBUG PRINT(.\Listings\STC32G_PWM_Isr.lst) TABS(2) OBJECT(.\Objects\STC32G_PWM_Isr.obj) 

stmt  level    source

    1          /*---------------------------------------------------------------------*/
    2          /* --- STC MCU Limited ------------------------------------------------*/
    3          /* --- STC 1T Series MCU Demo Programme -------------------------------*/
    4          /* --- Mobile: (86)13922805190 ----------------------------------------*/
    5          /* --- Fax: 86-0513-55012956,55012947,55012969 ------------------------*/
    6          /* --- Tel: 86-0513-55012928,55012929,55012966 ------------------------*/
    7          /* --- Web: www.STCAI.com ---------------------------------------------*/
    8          /* --- Web: www.STCMCUDATA.com  ---------------------------------------*/
    9          /* --- BBS: www.STCAIMCU.com  -----------------------------------------*/
   10          /* --- QQ:  800003751 -------------------------------------------------*/
   11          /* 如果要在程序中使用此代码,请在程序中注明使用了STC的资料及程序            */
   12          /*---------------------------------------------------------------------*/
   13          
   14          #include "STC32G_PWM.h"
   15          
   16          


Module Information          Static   Overlayable
------------------------------------------------
  code size            =    ------     ------
  ecode size           =    ------     ------
  data size            =    ------     ------
  idata size           =    ------     ------
  pdata size           =    ------     ------
  xdata size           =    ------     ------
  xdata-const size     =    ------     ------
  edata size           =    ------     ------
  bit size             =    ------     ------
  ebit size            =    ------     ------
  bitaddressable size  =    ------     ------
  ebitaddressable size =    ------     ------
  far data size        =    ------     ------
  huge data size       =    ------     ------
  const size           =    ------     ------
  hconst size          =    ------     ------
End of Module Information.


C251 COMPILATION COMPLETE.  0 WARNING(S),  0 ERROR(S)
